<?xml version="1.0" encoding="UTF-8"?>
<testng-results ignored="0" total="2" passed="2" failed="0" skipped="0">
  <reporter-output>
  </reporter-output>
  <suite started-at="2021-05-19T12:41:52 IST" name="Suite" finished-at="2021-05-19T12:42:12 IST" duration-ms="19719">
    <groups>
    </groups>
    <test started-at="2021-05-19T12:41:52 IST" name="Test" finished-at="2021-05-19T12:42:12 IST" duration-ms="19719">
      <class name="com.home.tests.WebShopTest">
        <test-method is-config="true" signature="setUp([Ljava.lang.Object;)[pri:0, instance:com.home.tests.WebShopTest@498d318c]" started-at="2021-05-19T12:41:54 IST" name="setUp" finished-at="2021-05-19T12:42:08 IST" duration-ms="14369" status="PASS">
          <params>
            <param index="0">
              <value>
                <![CDATA[[Ljava.lang.Object;@42f22995]]>
              </value>
            </param>
          </params>
          <reporter-output>
          </reporter-output>
        </test-method> <!-- setUp -->
        <test-method is-config="true" signature="setUp([Ljava.lang.Object;)[pri:0, instance:com.home.tests.WebShopTest@498d318c]" started-at="2021-05-19T12:41:54 IST" name="setUp" finished-at="2021-05-19T12:42:09 IST" duration-ms="15055" status="PASS">
          <params>
            <param index="0">
              <value>
                <![CDATA[[Ljava.lang.Object;@693e4d19]]>
              </value>
            </param>
          </params>
          <reporter-output>
          </reporter-output>
        </test-method> <!-- setUp -->
        <test-method signature="loginPage_LoginTest(java.util.Map)[pri:0, instance:com.home.tests.WebShopTest@498d318c]" started-at="2021-05-19T12:42:08 IST" name="loginPage_LoginTest" data-provider="getTestData" finished-at="2021-05-19T12:42:10 IST" duration-ms="2422" status="PASS">
          <params>
            <param index="0">
              <value>
                <![CDATA[{password=cap@dmin05, Run=yes, testcasename=loginPage_LoginTest, browser=chrome, username=testadmin}]]>
              </value>
            </param>
          </params>
          <reporter-output>
          </reporter-output>
        </test-method> <!-- loginPage_LoginTest -->
        <test-method signature="NewTest(java.util.Map)[pri:0, instance:com.home.tests.WebShopTest@498d318c]" started-at="2021-05-19T12:42:09 IST" name="NewTest" data-provider="getTestData" finished-at="2021-05-19T12:42:11 IST" duration-ms="2330" status="PASS">
          <params>
            <param index="0">
              <value>
                <![CDATA[{password=cap@dmin05, Run=yes, testcasename=NewTest, browser=chrome, username=testadmin}]]>
              </value>
            </param>
          </params>
          <reporter-output>
          </reporter-output>
        </test-method> <!-- NewTest -->
        <test-method is-config="true" signature="tearDown()[pri:0, instance:com.home.tests.WebShopTest@498d318c]" started-at="2021-05-19T12:42:10 IST" name="tearDown" finished-at="2021-05-19T12:42:12 IST" duration-ms="1369" status="PASS">
          <reporter-output>
          </reporter-output>
        </test-method> <!-- tearDown -->
        <test-method is-config="true" signature="tearDown()[pri:0, instance:com.home.tests.WebShopTest@498d318c]" started-at="2021-05-19T12:42:11 IST" name="tearDown" finished-at="2021-05-19T12:42:12 IST" duration-ms="1130" status="PASS">
          <reporter-output>
          </reporter-output>
        </test-method> <!-- tearDown -->
      </class> <!-- com.home.tests.WebShopTest -->
    </test> <!-- Test -->
  </suite> <!-- Suite -->
</testng-results>
