<?xml version="1.0" encoding="UTF-8"?>
<testng-results ignored="0" total="2" passed="2" failed="0" skipped="0">
  <reporter-output>
  </reporter-output>
  <suite started-at="2021-08-02T09:50:47 IST" name="Suite" finished-at="2021-08-02T09:51:20 IST" duration-ms="33184">
    <groups>
    </groups>
    <test started-at="2021-08-02T09:50:47 IST" name="Test" finished-at="2021-08-02T09:51:20 IST" duration-ms="33184">
      <class name="com.home.tests.WebShopTest">
        <test-method is-config="true" signature="setUp([Ljava.lang.Object;)[pri:0, instance:com.home.tests.WebShopTest@479d31f3]" started-at="2021-08-02T09:50:49 IST" name="setUp" finished-at="2021-08-02T09:51:07 IST" duration-ms="18381" status="PASS">
          <params>
            <param index="0">
              <value>
                <![CDATA[[Ljava.lang.Object;@54dcbb9f]]>
              </value>
            </param>
          </params>
          <reporter-output>
          </reporter-output>
        </test-method> <!-- setUp -->
        <test-method is-config="true" signature="setUp([Ljava.lang.Object;)[pri:0, instance:com.home.tests.WebShopTest@479d31f3]" started-at="2021-08-02T09:50:49 IST" name="setUp" finished-at="2021-08-02T09:51:06 IST" duration-ms="16857" status="PASS">
          <params>
            <param index="0">
              <value>
                <![CDATA[[Ljava.lang.Object;@69eb86b4]]>
              </value>
            </param>
          </params>
          <reporter-output>
          </reporter-output>
        </test-method> <!-- setUp -->
        <test-method signature="NewTest(java.util.Map)[pri:0, instance:com.home.tests.WebShopTest@479d31f3]" started-at="2021-08-02T09:51:06 IST" name="NewTest" description="newtest" data-provider="getTestData" finished-at="2021-08-02T09:51:09 IST" duration-ms="3005" status="PASS">
          <params>
            <param index="0">
              <value>
                <![CDATA[{password=cap@dmin05, Run=yes, testcasename=NewTest, browser=chrome, username=testadmin}]]>
              </value>
            </param>
          </params>
          <reporter-output>
          </reporter-output>
        </test-method> <!-- NewTest -->
        <test-method signature="loginPage_LoginTest(java.util.Map)[pri:0, instance:com.home.tests.WebShopTest@479d31f3]" started-at="2021-08-02T09:51:07 IST" name="loginPage_LoginTest" description="loginpagetest" data-provider="getTestData" finished-at="2021-08-02T09:51:12 IST" duration-ms="5214" status="PASS">
          <params>
            <param index="0">
              <value>
                <![CDATA[{password=cap@dmin05, Run=yes, testcasename=loginPage_LoginTest, browser=chrome, username=testadmin}]]>
              </value>
            </param>
          </params>
          <reporter-output>
          </reporter-output>
        </test-method> <!-- loginPage_LoginTest -->
        <test-method is-config="true" signature="tearDown()[pri:0, instance:com.home.tests.WebShopTest@479d31f3]" started-at="2021-08-02T09:51:19 IST" name="tearDown" finished-at="2021-08-02T09:51:20 IST" duration-ms="1387" status="PASS">
          <reporter-output>
          </reporter-output>
        </test-method> <!-- tearDown -->
        <test-method is-config="true" signature="tearDown()[pri:0, instance:com.home.tests.WebShopTest@479d31f3]" started-at="2021-08-02T09:51:19 IST" name="tearDown" finished-at="2021-08-02T09:51:20 IST" duration-ms="1354" status="PASS">
          <reporter-output>
          </reporter-output>
        </test-method> <!-- tearDown -->
      </class> <!-- com.home.tests.WebShopTest -->
    </test> <!-- Test -->
  </suite> <!-- Suite -->
</testng-results>
